<?xml version="1.0" encoding="UTF-8"?>
<robot generator="Robot 7.4 (Python 3.12.4 on win32)" generated="2026-01-04T19:35:55.551196" rpa="false" schemaversion="5">
<suite id="s1" name="TestSuite" source="C:\Users\bhoop\.gemini\antigravity\scratch\DDT_Framework\Tests\TestSuite.robot">
<kw name="Clear Results Folder" owner="Keywords" type="SETUP">
<kw name="Set Variable" owner="BuiltIn">
<msg time="2026-01-04T19:35:57.800551" level="INFO">${results_path} = C:\Users\bhoop\.gemini\antigravity\scratch\DDT_Framework\Results</msg>
<var>${results_path}</var>
<arg>${EXECDIR}${/}Results</arg>
<doc>Returns the given values which can then be assigned to a variables.</doc>
<status status="PASS" start="2026-01-04T19:35:57.798676" elapsed="0.002465"/>
</kw>
<try>
<branch type="TRY">
<kw name="List Files In Directory" owner="OperatingSystem">
<msg time="2026-01-04T19:35:57.802700" level="INFO" html="true">Listing contents of directory '&lt;a href="file://C:\Users\bhoop\.gemini\antigravity\scratch\DDT_Framework\Results"&gt;C:\Users\bhoop\.gemini\antigravity\scratch\DDT_Framework\Results&lt;/a&gt;'.</msg>
<msg time="2026-01-04T19:35:57.803441" level="INFO">4 files:
C:\Users\bhoop\.gemini\antigravity\scratch\DDT_Framework\Results\evidence_20260104_193125.png
C:\Users\bhoop\.gemini\antigravity\scratch\DDT_Framework\Results\log.html
C:\Users\bhoop\.gemini\antigravity\scratch\DDT_Framework\Results\output.xml
C:\Users\bhoop\.gemini\antigravity\scratch\DDT_Framework\Results\report.html</msg>
<msg time="2026-01-04T19:35:57.803441" level="INFO">${files} = ['C:\\Users\\bhoop\\.gemini\\antigravity\\scratch\\DDT_Framework\\Results\\evidence_20260104_193125.png', 'C:\\Users\\bhoop\\.gemini\\antigravity\\scratch\\DDT_Framework\\Results\\log.html', 'C:\\User...</msg>
<var>${files}</var>
<arg>${results_path}</arg>
<arg>absolute=True</arg>
<doc>Wrapper for `List Directory` that returns only files.</doc>
<status status="PASS" start="2026-01-04T19:35:57.801938" elapsed="0.001503"/>
</kw>
<for flavor="IN">
<iter>
<try>
<branch type="TRY">
<kw name="Remove File" owner="OperatingSystem">
<msg time="2026-01-04T19:35:57.806440" level="INFO" html="true">Removed file '&lt;a href="file://C:\Users\bhoop\.gemini\antigravity\scratch\DDT_Framework\Results\evidence_20260104_193125.png"&gt;C:\Users\bhoop\.gemini\antigravity\scratch\DDT_Framework\Results\evidence_20260104_193125.png&lt;/a&gt;'.</msg>
<arg>${file}</arg>
<doc>Removes a file with the given path.</doc>
<status status="PASS" start="2026-01-04T19:35:57.805316" elapsed="0.001124"/>
</kw>
<status status="PASS" start="2026-01-04T19:35:57.805316" elapsed="0.001124"/>
</branch>
<branch type="EXCEPT" assign="${error}">
<kw name="Log" owner="BuiltIn">
<arg>Could not remove ${file}</arg>
<arg>level=DEBUG</arg>
<doc>Logs the given message with the given level.</doc>
<status status="NOT RUN" start="2026-01-04T19:35:57.806440" elapsed="0.000000"/>
</kw>
<status status="NOT RUN" start="2026-01-04T19:35:57.806440" elapsed="0.000000"/>
</branch>
<status status="PASS" start="2026-01-04T19:35:57.804539" elapsed="0.001901"/>
</try>
<var name="${file}">C:\Users\bhoop\.gemini\antigravity\scratch\DDT_Framework\Results\evidence_20260104_193125.png</var>
<status status="PASS" start="2026-01-04T19:35:57.804539" elapsed="0.001901"/>
</iter>
<iter>
<try>
<branch type="TRY">
<kw name="Remove File" owner="OperatingSystem">
<msg time="2026-01-04T19:35:57.812163" level="INFO" html="true">Removed file '&lt;a href="file://C:\Users\bhoop\.gemini\antigravity\scratch\DDT_Framework\Results\log.html"&gt;C:\Users\bhoop\.gemini\antigravity\scratch\DDT_Framework\Results\log.html&lt;/a&gt;'.</msg>
<arg>${file}</arg>
<doc>Removes a file with the given path.</doc>
<status status="PASS" start="2026-01-04T19:35:57.809802" elapsed="0.002361"/>
</kw>
<status status="PASS" start="2026-01-04T19:35:57.809021" elapsed="0.003142"/>
</branch>
<branch type="EXCEPT" assign="${error}">
<kw name="Log" owner="BuiltIn">
<arg>Could not remove ${file}</arg>
<arg>level=DEBUG</arg>
<doc>Logs the given message with the given level.</doc>
<status status="NOT RUN" start="2026-01-04T19:35:57.813204" elapsed="0.000000"/>
</kw>
<status status="NOT RUN" start="2026-01-04T19:35:57.813204" elapsed="0.000000"/>
</branch>
<status status="PASS" start="2026-01-04T19:35:57.809021" elapsed="0.004183"/>
</try>
<var name="${file}">C:\Users\bhoop\.gemini\antigravity\scratch\DDT_Framework\Results\log.html</var>
<status status="PASS" start="2026-01-04T19:35:57.809021" elapsed="0.004183"/>
</iter>
<iter>
<try>
<branch type="TRY">
<kw name="Remove File" owner="OperatingSystem">
<msg time="2026-01-04T19:35:57.816205" level="FAIL">PermissionError: [WinError 32] The process cannot access the file because it is being used by another process: 'C:\\Users\\bhoop\\.gemini\\antigravity\\scratch\\DDT_Framework\\Results\\output.xml'</msg>
<arg>${file}</arg>
<doc>Removes a file with the given path.</doc>
<status status="FAIL" start="2026-01-04T19:35:57.815475" elapsed="0.001811">PermissionError: [WinError 32] The process cannot access the file because it is being used by another process: 'C:\\Users\\bhoop\\.gemini\\antigravity\\scratch\\DDT_Framework\\Results\\output.xml'</status>
</kw>
<status status="FAIL" start="2026-01-04T19:35:57.813204" elapsed="0.004082">PermissionError: [WinError 32] The process cannot access the file because it is being used by another process: 'C:\\Users\\bhoop\\.gemini\\antigravity\\scratch\\DDT_Framework\\Results\\output.xml'</status>
</branch>
<branch type="EXCEPT" assign="${error}">
<kw name="Log" owner="BuiltIn">
<arg>Could not remove ${file}</arg>
<arg>level=DEBUG</arg>
<doc>Logs the given message with the given level.</doc>
<status status="PASS" start="2026-01-04T19:35:57.818013" elapsed="0.001386"/>
</kw>
<status status="PASS" start="2026-01-04T19:35:57.818013" elapsed="0.001386"/>
</branch>
<status status="PASS" start="2026-01-04T19:35:57.813204" elapsed="0.006195"/>
</try>
<var name="${file}">C:\Users\bhoop\.gemini\antigravity\scratch\DDT_Framework\Results\output.xml</var>
<status status="PASS" start="2026-01-04T19:35:57.813204" elapsed="0.006195"/>
</iter>
<iter>
<try>
<branch type="TRY">
<kw name="Remove File" owner="OperatingSystem">
<msg time="2026-01-04T19:35:57.820460" level="INFO" html="true">Removed file '&lt;a href="file://C:\Users\bhoop\.gemini\antigravity\scratch\DDT_Framework\Results\report.html"&gt;C:\Users\bhoop\.gemini\antigravity\scratch\DDT_Framework\Results\report.html&lt;/a&gt;'.</msg>
<arg>${file}</arg>
<doc>Removes a file with the given path.</doc>
<status status="PASS" start="2026-01-04T19:35:57.820460" elapsed="0.000000"/>
</kw>
<status status="PASS" start="2026-01-04T19:35:57.820460" elapsed="0.000000"/>
</branch>
<branch type="EXCEPT" assign="${error}">
<kw name="Log" owner="BuiltIn">
<arg>Could not remove ${file}</arg>
<arg>level=DEBUG</arg>
<doc>Logs the given message with the given level.</doc>
<status status="NOT RUN" start="2026-01-04T19:35:57.820460" elapsed="0.000000"/>
</kw>
<status status="NOT RUN" start="2026-01-04T19:35:57.820460" elapsed="0.000000"/>
</branch>
<status status="PASS" start="2026-01-04T19:35:57.820460" elapsed="0.000000"/>
</try>
<var name="${file}">C:\Users\bhoop\.gemini\antigravity\scratch\DDT_Framework\Results\report.html</var>
<status status="PASS" start="2026-01-04T19:35:57.820460" elapsed="0.000000"/>
</iter>
<var>${file}</var>
<value>@{files}</value>
<status status="PASS" start="2026-01-04T19:35:57.803441" elapsed="0.017019"/>
</for>
<kw name="Log" owner="BuiltIn">
<msg time="2026-01-04T19:35:57.825055" level="INFO">Results folder cleared</msg>
<arg>Results folder cleared</arg>
<arg>level=INFO</arg>
<doc>Logs the given message with the given level.</doc>
<status status="PASS" start="2026-01-04T19:35:57.820460" elapsed="0.004595"/>
</kw>
<status status="PASS" start="2026-01-04T19:35:57.801141" elapsed="0.023914"/>
</branch>
<branch type="EXCEPT" assign="${error}">
<kw name="Log" owner="BuiltIn">
<arg>Results folder not found or empty</arg>
<arg>level=DEBUG</arg>
<doc>Logs the given message with the given level.</doc>
<status status="NOT RUN" start="2026-01-04T19:35:57.825055" elapsed="0.000000"/>
</kw>
<status status="NOT RUN" start="2026-01-04T19:35:57.825055" elapsed="0.001078"/>
</branch>
<status status="PASS" start="2026-01-04T19:35:57.801141" elapsed="0.024992"/>
</try>
<doc>Clears the Results folder before test execution.</doc>
<status status="PASS" start="2026-01-04T19:35:57.796392" elapsed="0.029741"/>
</kw>
<test id="s1-t1" name="TC_01 Valid Login Test" line="18">
<kw name="Log Test Step" owner="Keywords">
<kw name="Log" owner="BuiltIn">
<msg time="2026-01-04T19:35:57.828902" level="INFO">════════════════════════════════════════</msg>
<arg>════════════════════════════════════════</arg>
<arg>level=INFO</arg>
<doc>Logs the given message with the given level.</doc>
<status status="PASS" start="2026-01-04T19:35:57.828271" elapsed="0.000631"/>
</kw>
<kw name="Log" owner="BuiltIn">
<msg time="2026-01-04T19:35:57.830274" level="INFO">STEP 1: Loading data from Excel</msg>
<arg>STEP ${step}: ${description}</arg>
<arg>level=INFO</arg>
<doc>Logs the given message with the given level.</doc>
<status status="PASS" start="2026-01-04T19:35:57.829676" elapsed="0.001448"/>
</kw>
<kw name="Log" owner="BuiltIn">
<msg time="2026-01-04T19:35:57.832510" level="INFO">════════════════════════════════════════</msg>
<arg>════════════════════════════════════════</arg>
<arg>level=INFO</arg>
<doc>Logs the given message with the given level.</doc>
<status status="PASS" start="2026-01-04T19:35:57.831124" elapsed="0.001855"/>
</kw>
<kw name="Log To Console" owner="BuiltIn">
<arg>\n📍 STEP ${step}: ${description}</arg>
<doc>Logs the given message to the console.</doc>
<status status="PASS" start="2026-01-04T19:35:57.832979" elapsed="0.002154"/>
</kw>
<arg>1</arg>
<arg>Loading data from Excel</arg>
<doc>Logs a major test step to both log file and console.</doc>
<status status="PASS" start="2026-01-04T19:35:57.827693" elapsed="0.008198"/>
</kw>
<kw name="Load Test Data" owner="Keywords">
<kw name="Load Data For Test Case" owner="DataManager">
<kw name="Log" owner="BuiltIn">
<msg time="2026-01-04T19:35:57.840063" level="INFO">Loading data for: TC_01</msg>
<arg>Loading data for: ${TestID}</arg>
<arg>level=INFO</arg>
<doc>Logs the given message with the given level.</doc>
<status status="PASS" start="2026-01-04T19:35:57.838619" elapsed="0.001444"/>
</kw>
<kw name="Open Excel Document" owner="ExcelLibrary">
<arg>${DATA_FILE_PATH}</arg>
<arg>doc_id=testdata</arg>
<doc>Opens xlsx document file.</doc>
<status status="PASS" start="2026-01-04T19:35:57.840063" elapsed="0.023193"/>
</kw>
<kw name="Read Excel Row" owner="ExcelLibrary">
<msg time="2026-01-04T19:35:57.865362" level="INFO">${headers} = ['TestID', 'Result', 'username', 'password', 'expected_error', 'expected_title', None, None, None, None]</msg>
<var>${headers}</var>
<arg>row_num=1</arg>
<arg>max_num=10</arg>
<arg>sheet_name=${DATA_SHEET_NAME}</arg>
<doc>Returns content of a row from the current sheet of the document.</doc>
<status status="PASS" start="2026-01-04T19:35:57.863256" elapsed="0.002659"/>
</kw>
<kw name="Set Variable" owner="BuiltIn">
<msg time="2026-01-04T19:35:57.867263" level="INFO">${found} = False</msg>
<var>${found}</var>
<arg>${FALSE}</arg>
<doc>Returns the given values which can then be assigned to a variables.</doc>
<status status="PASS" start="2026-01-04T19:35:57.866216" elapsed="0.001047"/>
</kw>
<kw name="Create Dictionary" owner="BuiltIn">
<msg time="2026-01-04T19:35:57.868947" level="INFO">${result} = {}</msg>
<var>${result}</var>
<doc>Creates and returns a dictionary based on the given ``items``.</doc>
<status status="PASS" start="2026-01-04T19:35:57.867263" elapsed="0.002130"/>
</kw>
<for flavor="IN RANGE">
<iter>
<kw name="Read Excel Row" owner="ExcelLibrary">
<msg time="2026-01-04T19:35:57.870457" level="INFO">${row_data} = ['TC_01', None, 'tomsmith', 'SuperSecretPassword!', None, 'The Internet', 'PASS', '2026-01-04 19:31:25', None, None]</msg>
<var>${row_data}</var>
<arg>row_num=${row}</arg>
<arg>max_num=10</arg>
<arg>sheet_name=${DATA_SHEET_NAME}</arg>
<doc>Returns content of a row from the current sheet of the document.</doc>
<status status="PASS" start="2026-01-04T19:35:57.870457" elapsed="0.000000"/>
</kw>
<kw name="Set Variable" owner="BuiltIn">
<msg time="2026-01-04T19:35:57.870457" level="INFO">${first_cell} = TC_01</msg>
<var>${first_cell}</var>
<arg>${row_data}[0]</arg>
<doc>Returns the given values which can then be assigned to a variables.</doc>
<status status="PASS" start="2026-01-04T19:35:57.870457" elapsed="0.000000"/>
</kw>
<if>
<branch type="IF" condition="'${first_cell}' == '${EMPTY}' or '${first_cell}' == 'None'">
<break>
<status status="NOT RUN" start="2026-01-04T19:35:57.874571" elapsed="0.000000"/>
</break>
<status status="NOT RUN" start="2026-01-04T19:35:57.870457" elapsed="0.004114"/>
</branch>
<status status="PASS" start="2026-01-04T19:35:57.870457" elapsed="0.004114"/>
</if>
<if>
<branch type="IF" condition="'${first_cell}' == '${TestID}'">
<kw name="Build Dictionary From Row" owner="DataManager">
<kw name="Create Dictionary" owner="BuiltIn">
<msg time="2026-01-04T19:35:57.877874" level="INFO">${dict} = {}</msg>
<var>${dict}</var>
<doc>Creates and returns a dictionary based on the given ``items``.</doc>
<status status="PASS" start="2026-01-04T19:35:57.876766" elapsed="0.001476"/>
</kw>
<kw name="Get Length" owner="BuiltIn">
<msg time="2026-01-04T19:35:57.879587" level="INFO">Length is 10.</msg>
<msg time="2026-01-04T19:35:57.879587" level="INFO">${len} = 10</msg>
<var>${len}</var>
<arg>${headers}</arg>
<doc>Returns and logs the length of the given item as an integer.</doc>
<status status="PASS" start="2026-01-04T19:35:57.878242" elapsed="0.001858"/>
</kw>
<for flavor="IN RANGE">
<iter>
<kw name="Set Variable" owner="BuiltIn">
<msg time="2026-01-04T19:35:57.882999" level="INFO">${key} = TestID</msg>
<var>${key}</var>
<arg>${headers}[${i}]</arg>
<doc>Returns the given values which can then be assigned to a variables.</doc>
<status status="PASS" start="2026-01-04T19:35:57.881269" elapsed="0.001730"/>
</kw>
<kw name="Set Variable" owner="BuiltIn">
<msg time="2026-01-04T19:35:57.884311" level="INFO">${val} = TC_01</msg>
<var>${val}</var>
<arg>${row_data}[${i}]</arg>
<doc>Returns the given values which can then be assigned to a variables.</doc>
<status status="PASS" start="2026-01-04T19:35:57.883600" elapsed="0.000711"/>
</kw>
<if>
<branch type="IF" condition="'${key}' != '${EMPTY}' and '${key}' != 'None'">
<kw name="Set To Dictionary" owner="Collections">
<arg>${dict}</arg>
<arg>${key}=${val}</arg>
<doc>Adds the given ``key_value_pairs`` and/or ``items`` to the ``dictionary``.</doc>
<status status="PASS" start="2026-01-04T19:35:57.887441" elapsed="0.000000"/>
</kw>
<status status="PASS" start="2026-01-04T19:35:57.884311" elapsed="0.003130"/>
</branch>
<status status="PASS" start="2026-01-04T19:35:57.884311" elapsed="0.003130"/>
</if>
<var name="${i}">0</var>
<status status="PASS" start="2026-01-04T19:35:57.880933" elapsed="0.006508"/>
</iter>
<iter>
<kw name="Set Variable" owner="BuiltIn">
<msg time="2026-01-04T19:35:57.891345" level="INFO">${key} = Result</msg>
<var>${key}</var>
<arg>${headers}[${i}]</arg>
<doc>Returns the given values which can then be assigned to a variables.</doc>
<status status="PASS" start="2026-01-04T19:35:57.887441" elapsed="0.003904"/>
</kw>
<kw name="Set Variable" owner="BuiltIn">
<msg time="2026-01-04T19:35:57.892516" level="INFO">${val} = None</msg>
<var>${val}</var>
<arg>${row_data}[${i}]</arg>
<doc>Returns the given values which can then be assigned to a variables.</doc>
<status status="PASS" start="2026-01-04T19:35:57.891345" elapsed="0.001171"/>
</kw>
<if>
<branch type="IF" condition="'${key}' != '${EMPTY}' and '${key}' != 'None'">
<kw name="Set To Dictionary" owner="Collections">
<arg>${dict}</arg>
<arg>${key}=${val}</arg>
<doc>Adds the given ``key_value_pairs`` and/or ``items`` to the ``dictionary``.</doc>
<status status="PASS" start="2026-01-04T19:35:57.896218" elapsed="0.000000"/>
</kw>
<status status="PASS" start="2026-01-04T19:35:57.892516" elapsed="0.004817"/>
</branch>
<status status="PASS" start="2026-01-04T19:35:57.892516" elapsed="0.004817"/>
</if>
<var name="${i}">1</var>
<status status="PASS" start="2026-01-04T19:35:57.887441" elapsed="0.009892"/>
</iter>
<iter>
<kw name="Set Variable" owner="BuiltIn">
<msg time="2026-01-04T19:35:57.899680" level="INFO">${key} = username</msg>
<var>${key}</var>
<arg>${headers}[${i}]</arg>
<doc>Returns the given values which can then be assigned to a variables.</doc>
<status status="PASS" start="2026-01-04T19:35:57.897333" elapsed="0.002347"/>
</kw>
<kw name="Set Variable" owner="BuiltIn">
<msg time="2026-01-04T19:35:57.901144" level="INFO">${val} = tomsmith</msg>
<var>${val}</var>
<arg>${row_data}[${i}]</arg>
<doc>Returns the given values which can then be assigned to a variables.</doc>
<status status="PASS" start="2026-01-04T19:35:57.901144" elapsed="0.000000"/>
</kw>
<if>
<branch type="IF" condition="'${key}' != '${EMPTY}' and '${key}' != 'None'">
<kw name="Set To Dictionary" owner="Collections">
<arg>${dict}</arg>
<arg>${key}=${val}</arg>
<doc>Adds the given ``key_value_pairs`` and/or ``items`` to the ``dictionary``.</doc>
<status status="PASS" start="2026-01-04T19:35:57.903745" elapsed="0.002247"/>
</kw>
<status status="PASS" start="2026-01-04T19:35:57.901144" elapsed="0.004848"/>
</branch>
<status status="PASS" start="2026-01-04T19:35:57.901144" elapsed="0.004848"/>
</if>
<var name="${i}">2</var>
<status status="PASS" start="2026-01-04T19:35:57.897333" elapsed="0.008659"/>
</iter>
<iter>
<kw name="Set Variable" owner="BuiltIn">
<msg time="2026-01-04T19:35:57.906591" level="INFO">${key} = password</msg>
<var>${key}</var>
<arg>${headers}[${i}]</arg>
<doc>Returns the given values which can then be assigned to a variables.</doc>
<status status="PASS" start="2026-01-04T19:35:57.906591" elapsed="0.000000"/>
</kw>
<kw name="Set Variable" owner="BuiltIn">
<msg time="2026-01-04T19:35:57.909236" level="INFO">${val} = SuperSecretPassword!</msg>
<var>${val}</var>
<arg>${row_data}[${i}]</arg>
<doc>Returns the given values which can then be assigned to a variables.</doc>
<status status="PASS" start="2026-01-04T19:35:57.906591" elapsed="0.002645"/>
</kw>
<if>
<branch type="IF" condition="'${key}' != '${EMPTY}' and '${key}' != 'None'">
<kw name="Set To Dictionary" owner="Collections">
<arg>${dict}</arg>
<arg>${key}=${val}</arg>
<doc>Adds the given ``key_value_pairs`` and/or ``items`` to the ``dictionary``.</doc>
<status status="PASS" start="2026-01-04T19:35:57.911254" elapsed="0.000000"/>
</kw>
<status status="PASS" start="2026-01-04T19:35:57.909236" elapsed="0.002018"/>
</branch>
<status status="PASS" start="2026-01-04T19:35:57.909236" elapsed="0.002018"/>
</if>
<var name="${i}">3</var>
<status status="PASS" start="2026-01-04T19:35:57.906591" elapsed="0.004663"/>
</iter>
<iter>
<kw name="Set Variable" owner="BuiltIn">
<msg time="2026-01-04T19:35:57.913882" level="INFO">${key} = expected_error</msg>
<var>${key}</var>
<arg>${headers}[${i}]</arg>
<doc>Returns the given values which can then be assigned to a variables.</doc>
<status status="PASS" start="2026-01-04T19:35:57.911254" elapsed="0.002628"/>
</kw>
<kw name="Set Variable" owner="BuiltIn">
<msg time="2026-01-04T19:35:57.915454" level="INFO">${val} = None</msg>
<var>${val}</var>
<arg>${row_data}[${i}]</arg>
<doc>Returns the given values which can then be assigned to a variables.</doc>
<status status="PASS" start="2026-01-04T19:35:57.913882" elapsed="0.001572"/>
</kw>
<if>
<branch type="IF" condition="'${key}' != '${EMPTY}' and '${key}' != 'None'">
<kw name="Set To Dictionary" owner="Collections">
<arg>${dict}</arg>
<arg>${key}=${val}</arg>
<doc>Adds the given ``key_value_pairs`` and/or ``items`` to the ``dictionary``.</doc>
<status status="PASS" start="2026-01-04T19:35:57.917246" elapsed="0.000000"/>
</kw>
<status status="PASS" start="2026-01-04T19:35:57.916204" elapsed="0.003329"/>
</branch>
<status status="PASS" start="2026-01-04T19:35:57.916204" elapsed="0.003329"/>
</if>
<var name="${i}">4</var>
<status status="PASS" start="2026-01-04T19:35:57.911254" elapsed="0.008279"/>
</iter>
<iter>
<kw name="Set Variable" owner="BuiltIn">
<msg time="2026-01-04T19:35:57.920466" level="INFO">${key} = expected_title</msg>
<var>${key}</var>
<arg>${headers}[${i}]</arg>
<doc>Returns the given values which can then be assigned to a variables.</doc>
<status status="PASS" start="2026-01-04T19:35:57.920466" elapsed="0.000000"/>
</kw>
<kw name="Set Variable" owner="BuiltIn">
<msg time="2026-01-04T19:35:57.920466" level="INFO">${val} = The Internet</msg>
<var>${val}</var>
<arg>${row_data}[${i}]</arg>
<doc>Returns the given values which can then be assigned to a variables.</doc>
<status status="PASS" start="2026-01-04T19:35:57.920466" elapsed="0.000000"/>
</kw>
<if>
<branch type="IF" condition="'${key}' != '${EMPTY}' and '${key}' != 'None'">
<kw name="Set To Dictionary" owner="Collections">
<arg>${dict}</arg>
<arg>${key}=${val}</arg>
<doc>Adds the given ``key_value_pairs`` and/or ``items`` to the ``dictionary``.</doc>
<status status="PASS" start="2026-01-04T19:35:57.925961" elapsed="0.000587"/>
</kw>
<status status="PASS" start="2026-01-04T19:35:57.920466" elapsed="0.006082"/>
</branch>
<status status="PASS" start="2026-01-04T19:35:57.920466" elapsed="0.006082"/>
</if>
<var name="${i}">5</var>
<status status="PASS" start="2026-01-04T19:35:57.919897" elapsed="0.006651"/>
</iter>
<iter>
<kw name="Set Variable" owner="BuiltIn">
<msg time="2026-01-04T19:35:57.928963" level="INFO">${key} = None</msg>
<var>${key}</var>
<arg>${headers}[${i}]</arg>
<doc>Returns the given values which can then be assigned to a variables.</doc>
<status status="PASS" start="2026-01-04T19:35:57.927949" elapsed="0.001436"/>
</kw>
<kw name="Set Variable" owner="BuiltIn">
<msg time="2026-01-04T19:35:57.930478" level="INFO">${val} = PASS</msg>
<var>${val}</var>
<arg>${row_data}[${i}]</arg>
<doc>Returns the given values which can then be assigned to a variables.</doc>
<status status="PASS" start="2026-01-04T19:35:57.929385" elapsed="0.001093"/>
</kw>
<if>
<branch type="IF" condition="'${key}' != '${EMPTY}' and '${key}' != 'None'">
<kw name="Set To Dictionary" owner="Collections">
<arg>${dict}</arg>
<arg>${key}=${val}</arg>
<doc>Adds the given ``key_value_pairs`` and/or ``items`` to the ``dictionary``.</doc>
<status status="NOT RUN" start="2026-01-04T19:35:57.934751" elapsed="0.000000"/>
</kw>
<status status="NOT RUN" start="2026-01-04T19:35:57.931244" elapsed="0.003507"/>
</branch>
<status status="PASS" start="2026-01-04T19:35:57.931244" elapsed="0.003507"/>
</if>
<var name="${i}">6</var>
<status status="PASS" start="2026-01-04T19:35:57.927585" elapsed="0.007166"/>
</iter>
<iter>
<kw name="Set Variable" owner="BuiltIn">
<msg time="2026-01-04T19:35:57.937136" level="INFO">${key} = None</msg>
<var>${key}</var>
<arg>${headers}[${i}]</arg>
<doc>Returns the given values which can then be assigned to a variables.</doc>
<status status="PASS" start="2026-01-04T19:35:57.936501" elapsed="0.000635"/>
</kw>
<kw name="Set Variable" owner="BuiltIn">
<msg time="2026-01-04T19:35:57.937136" level="INFO">${val} = 2026-01-04 19:31:25</msg>
<var>${val}</var>
<arg>${row_data}[${i}]</arg>
<doc>Returns the given values which can then be assigned to a variables.</doc>
<status status="PASS" start="2026-01-04T19:35:57.937136" elapsed="0.000000"/>
</kw>
<if>
<branch type="IF" condition="'${key}' != '${EMPTY}' and '${key}' != 'None'">
<kw name="Set To Dictionary" owner="Collections">
<arg>${dict}</arg>
<arg>${key}=${val}</arg>
<doc>Adds the given ``key_value_pairs`` and/or ``items`` to the ``dictionary``.</doc>
<status status="NOT RUN" start="2026-01-04T19:35:57.937136" elapsed="0.004138"/>
</kw>
<status status="NOT RUN" start="2026-01-04T19:35:57.937136" elapsed="0.004138"/>
</branch>
<status status="PASS" start="2026-01-04T19:35:57.937136" elapsed="0.004138"/>
</if>
<var name="${i}">7</var>
<status status="PASS" start="2026-01-04T19:35:57.934751" elapsed="0.006523"/>
</iter>
<iter>
<kw name="Set Variable" owner="BuiltIn">
<msg time="2026-01-04T19:35:57.941274" level="INFO">${key} = None</msg>
<var>${key}</var>
<arg>${headers}[${i}]</arg>
<doc>Returns the given values which can then be assigned to a variables.</doc>
<status status="PASS" start="2026-01-04T19:35:57.941274" elapsed="0.000000"/>
</kw>
<kw name="Set Variable" owner="BuiltIn">
<msg time="2026-01-04T19:35:57.941274" level="INFO">${val} = None</msg>
<var>${val}</var>
<arg>${row_data}[${i}]</arg>
<doc>Returns the given values which can then be assigned to a variables.</doc>
<status status="PASS" start="2026-01-04T19:35:57.941274" elapsed="0.000000"/>
</kw>
<if>
<branch type="IF" condition="'${key}' != '${EMPTY}' and '${key}' != 'None'">
<kw name="Set To Dictionary" owner="Collections">
<arg>${dict}</arg>
<arg>${key}=${val}</arg>
<doc>Adds the given ``key_value_pairs`` and/or ``items`` to the ``dictionary``.</doc>
<status status="NOT RUN" start="2026-01-04T19:35:57.945952" elapsed="0.000000"/>
</kw>
<status status="NOT RUN" start="2026-01-04T19:35:57.941274" elapsed="0.004678"/>
</branch>
<status status="PASS" start="2026-01-04T19:35:57.941274" elapsed="0.005433"/>
</if>
<var name="${i}">8</var>
<status status="PASS" start="2026-01-04T19:35:57.941274" elapsed="0.005433"/>
</iter>
<iter>
<kw name="Set Variable" owner="BuiltIn">
<msg time="2026-01-04T19:35:57.946707" level="INFO">${key} = None</msg>
<var>${key}</var>
<arg>${headers}[${i}]</arg>
<doc>Returns the given values which can then be assigned to a variables.</doc>
<status status="PASS" start="2026-01-04T19:35:57.946707" elapsed="0.000000"/>
</kw>
<kw name="Set Variable" owner="BuiltIn">
<msg time="2026-01-04T19:35:57.949976" level="INFO">${val} = None</msg>
<var>${val}</var>
<arg>${row_data}[${i}]</arg>
<doc>Returns the given values which can then be assigned to a variables.</doc>
<status status="PASS" start="2026-01-04T19:35:57.946707" elapsed="0.003269"/>
</kw>
<if>
<branch type="IF" condition="'${key}' != '${EMPTY}' and '${key}' != 'None'">
<kw name="Set To Dictionary" owner="Collections">
<arg>${dict}</arg>
<arg>${key}=${val}</arg>
<doc>Adds the given ``key_value_pairs`` and/or ``items`` to the ``dictionary``.</doc>
<status status="NOT RUN" start="2026-01-04T19:35:57.951409" elapsed="0.000000"/>
</kw>
<status status="NOT RUN" start="2026-01-04T19:35:57.949976" elapsed="0.001433"/>
</branch>
<status status="PASS" start="2026-01-04T19:35:57.949976" elapsed="0.001433"/>
</if>
<var name="${i}">9</var>
<status status="PASS" start="2026-01-04T19:35:57.946707" elapsed="0.004702"/>
</iter>
<var>${i}</var>
<value>${len}</value>
<status status="PASS" start="2026-01-04T19:35:57.880100" elapsed="0.071309"/>
</for>
<return>
<value>${dict}</value>
<status status="PASS" start="2026-01-04T19:35:57.951409" elapsed="0.000000"/>
</return>
<msg time="2026-01-04T19:35:57.954265" level="INFO">${result} = {'TestID': 'TC_01', 'Result': None, 'username': 'tomsmith', 'password': 'SuperSecretPassword!', 'expected_error': None, 'expected_title': 'The Internet'}</msg>
<var>${result}</var>
<arg>${headers}</arg>
<arg>${row_data}</arg>
<doc>Builds dictionary from headers and row data.</doc>
<status status="PASS" start="2026-01-04T19:35:57.875975" elapsed="0.078290"/>
</kw>
<kw name="Set Variable" owner="BuiltIn">
<msg time="2026-01-04T19:35:57.954265" level="INFO">${found} = True</msg>
<var>${found}</var>
<arg>${TRUE}</arg>
<doc>Returns the given values which can then be assigned to a variables.</doc>
<status status="PASS" start="2026-01-04T19:35:57.954265" elapsed="0.000000"/>
</kw>
<break>
<status status="PASS" start="2026-01-04T19:35:57.956383" elapsed="0.000000"/>
</break>
<status status="PASS" start="2026-01-04T19:35:57.874571" elapsed="0.081812"/>
</branch>
<status status="PASS" start="2026-01-04T19:35:57.874571" elapsed="0.081812"/>
</if>
<var name="${row}">2</var>
<status status="PASS" start="2026-01-04T19:35:57.869393" elapsed="0.086990"/>
</iter>
<var>${row}</var>
<value>2</value>
<value>100</value>
<status status="PASS" start="2026-01-04T19:35:57.869393" elapsed="0.086990"/>
</for>
<kw name="Close Current Excel Document" owner="ExcelLibrary">
<doc>Closes current document.</doc>
<status status="PASS" start="2026-01-04T19:35:57.956383" elapsed="0.000000"/>
</kw>
<if>
<branch type="IF" condition="${found} == ${FALSE}">
<kw name="Fail" owner="BuiltIn">
<arg>TestID '${TestID}' not found in Excel</arg>
<doc>Fails the test with the given message and optionally alters its tags.</doc>
<status status="NOT RUN" start="2026-01-04T19:35:57.956383" elapsed="0.000000"/>
</kw>
<status status="NOT RUN" start="2026-01-04T19:35:57.956383" elapsed="0.000000"/>
</branch>
<status status="PASS" start="2026-01-04T19:35:57.956383" elapsed="0.002613"/>
</if>
<kw name="Log" owner="BuiltIn">
<msg time="2026-01-04T19:35:57.958996" level="INFO">Loaded data: {'TestID': 'TC_01', 'Result': None, 'username': 'tomsmith', 'password': 'SuperSecretPassword!', 'expected_error': None, 'expected_title': 'The Internet'}</msg>
<arg>Loaded data: ${result}</arg>
<arg>level=INFO</arg>
<doc>Logs the given message with the given level.</doc>
<status status="PASS" start="2026-01-04T19:35:57.958996" elapsed="0.000000"/>
</kw>
<return>
<value>${result}</value>
<status status="PASS" start="2026-01-04T19:35:57.960611" elapsed="0.000000"/>
</return>
<msg time="2026-01-04T19:35:57.961064" level="INFO">${data} = {'TestID': 'TC_01', 'Result': None, 'username': 'tomsmith', 'password': 'SuperSecretPassword!', 'expected_error': None, 'expected_title': 'The Internet'}</msg>
<var>${data}</var>
<arg>${TestID}</arg>
<doc>Loads test data for a TestID from Excel.</doc>
<status status="PASS" start="2026-01-04T19:35:57.837816" elapsed="0.123248"/>
</kw>
<kw name="Set Test Variable" owner="BuiltIn">
<msg time="2026-01-04T19:35:57.962916" level="INFO">${TEST_DATA} = {'TestID': 'TC_01', 'Result': None, 'username': 'tomsmith', 'password': 'SuperSecretPassword!', 'expected_error': None, 'expected_title': 'The Internet'}</msg>
<arg>${TEST_DATA}</arg>
<arg>${data}</arg>
<doc>Makes a variable available everywhere within the scope of the current test.</doc>
<status status="PASS" start="2026-01-04T19:35:57.961064" elapsed="0.002544"/>
</kw>
<kw name="Log" owner="BuiltIn">
<msg time="2026-01-04T19:35:57.964284" level="INFO">Loaded data for TC_01: {'TestID': 'TC_01', 'Result': None, 'username': 'tomsmith', 'password': 'SuperSecretPassword!', 'expected_error': None, 'expected_title': 'The Internet'}</msg>
<arg>Loaded data for ${TestID}: ${TEST_DATA}</arg>
<arg>level=INFO</arg>
<doc>Logs the given message with the given level.</doc>
<status status="PASS" start="2026-01-04T19:35:57.963608" elapsed="0.000676"/>
</kw>
<arg>TC_01</arg>
<doc>Loads test data from Excel and stores for use by other keywords.</doc>
<status status="PASS" start="2026-01-04T19:35:57.835891" elapsed="0.128393"/>
</kw>
<kw name="Log Test Step" owner="Keywords">
<kw name="Log" owner="BuiltIn">
<msg time="2026-01-04T19:35:57.967270" level="INFO">════════════════════════════════════════</msg>
<arg>════════════════════════════════════════</arg>
<arg>level=INFO</arg>
<doc>Logs the given message with the given level.</doc>
<status status="PASS" start="2026-01-04T19:35:57.966238" elapsed="0.001032"/>
</kw>
<kw name="Log" owner="BuiltIn">
<msg time="2026-01-04T19:35:57.968307" level="INFO">STEP 2: Launching Application</msg>
<arg>STEP ${step}: ${description}</arg>
<arg>level=INFO</arg>
<doc>Logs the given message with the given level.</doc>
<status status="PASS" start="2026-01-04T19:35:57.968307" elapsed="0.001032"/>
</kw>
<kw name="Log" owner="BuiltIn">
<msg time="2026-01-04T19:35:57.970772" level="INFO">════════════════════════════════════════</msg>
<arg>════════════════════════════════════════</arg>
<arg>level=INFO</arg>
<doc>Logs the given message with the given level.</doc>
<status status="PASS" start="2026-01-04T19:35:57.969758" elapsed="0.001014"/>
</kw>
<kw name="Log To Console" owner="BuiltIn">
<arg>\n📍 STEP ${step}: ${description}</arg>
<doc>Logs the given message to the console.</doc>
<status status="PASS" start="2026-01-04T19:35:57.970772" elapsed="0.000000"/>
</kw>
<arg>2</arg>
<arg>Launching Application</arg>
<doc>Logs a major test step to both log file and console.</doc>
<status status="PASS" start="2026-01-04T19:35:57.965399" elapsed="0.007174"/>
</kw>
<kw name="Launch Application" owner="Keywords">
<kw name="Log To Console" owner="BuiltIn">
<arg>\n🚀 Launching application (${BROWSER})...</arg>
<doc>Logs the given message to the console.</doc>
<status status="PASS" start="2026-01-04T19:35:57.973342" elapsed="0.001378"/>
</kw>
<kw name="Set Variable" owner="BuiltIn">
<msg time="2026-01-04T19:35:57.975491" level="INFO">${options} = add_argument("--log-level=3"); add_argument("--disable-logging"); add_argument("--silent")</msg>
<var>${options}</var>
<arg>add_argument("--log-level=${BROWSER_LOG_LEVEL}"); add_argument("--disable-logging"); add_argument("--silent")</arg>
<doc>Returns the given values which can then be assigned to a variables.</doc>
<status status="PASS" start="2026-01-04T19:35:57.974720" elapsed="0.000771"/>
</kw>
<if>
<branch type="IF" condition="${HEADLESS}">
<kw name="Set Variable" owner="BuiltIn">
<msg time="2026-01-04T19:35:57.976882" level="INFO">${options} = add_argument("--log-level=3"); add_argument("--disable-logging"); add_argument("--silent"); add_argument("--headless")</msg>
<var>${options}</var>
<arg>${options}; add_argument("--headless")</arg>
<doc>Returns the given values which can then be assigned to a variables.</doc>
<status status="PASS" start="2026-01-04T19:35:57.976124" elapsed="0.000758"/>
</kw>
<status status="PASS" start="2026-01-04T19:35:57.976124" elapsed="0.000758"/>
</branch>
<status status="PASS" start="2026-01-04T19:35:57.975491" elapsed="0.001391"/>
</if>
<if>
<branch type="IF" condition="${INCOGNITO}">
<if>
<branch type="IF" condition="&quot;${BROWSER}&quot; == &quot;chrome&quot; or &quot;${BROWSER}&quot; == &quot;headlesschrome&quot;">
<kw name="Set Variable" owner="BuiltIn">
<var>${options}</var>
<arg>${options}; add_argument("--incognito")</arg>
<doc>Returns the given values which can then be assigned to a variables.</doc>
<status status="NOT RUN" start="2026-01-04T19:35:57.977956" elapsed="0.000000"/>
</kw>
<status status="NOT RUN" start="2026-01-04T19:35:57.976882" elapsed="0.001074"/>
</branch>
<branch type="ELSE IF" condition="&quot;${BROWSER}&quot; == &quot;edge&quot; or &quot;${BROWSER}&quot; == &quot;headlessedge&quot;">
<kw name="Set Variable" owner="BuiltIn">
<var>${options}</var>
<arg>${options}; add_argument("--inprivate")</arg>
<doc>Returns the given values which can then be assigned to a variables.</doc>
<status status="NOT RUN" start="2026-01-04T19:35:57.978662" elapsed="0.000000"/>
</kw>
<status status="NOT RUN" start="2026-01-04T19:35:57.977956" elapsed="0.000706"/>
</branch>
<branch type="ELSE IF" condition="&quot;${BROWSER}&quot; == &quot;firefox&quot; or &quot;${BROWSER}&quot; == &quot;headlessfirefox&quot;">
<kw name="Set Variable" owner="BuiltIn">
<var>${options}</var>
<arg>${options}; add_argument("-private")</arg>
<doc>Returns the given values which can then be assigned to a variables.</doc>
<status status="NOT RUN" start="2026-01-04T19:35:57.978662" elapsed="0.000572"/>
</kw>
<status status="NOT RUN" start="2026-01-04T19:35:57.978662" elapsed="0.000572"/>
</branch>
<status status="NOT RUN" start="2026-01-04T19:35:57.976882" elapsed="0.002352"/>
</if>
<status status="NOT RUN" start="2026-01-04T19:35:57.976882" elapsed="0.002352"/>
</branch>
<status status="PASS" start="2026-01-04T19:35:57.976882" elapsed="0.002352"/>
</if>
<kw name="Open Browser" owner="SeleniumLibrary">
<msg time="2026-01-04T19:35:57.980802" level="INFO">Opening browser 'edge' to base url 'https://the-internet.herokuapp.com/login'.</msg>
<arg>${URL}</arg>
<arg>${BROWSER}</arg>
<arg>options=${options}</arg>
<doc>Opens a new browser instance to the optional ``url``.</doc>
<status status="PASS" start="2026-01-04T19:35:57.979234" elapsed="4.988597"/>
</kw>
<kw name="Maximize Browser Window" owner="SeleniumLibrary">
<doc>Maximizes current browser window.</doc>
<status status="PASS" start="2026-01-04T19:36:02.969393" elapsed="0.082584"/>
</kw>
<kw name="Set Selenium Timeout" owner="SeleniumLibrary">
<arg>${WAIT_TIME}</arg>
<doc>Sets the timeout that is used by various keywords.</doc>
<status status="PASS" start="2026-01-04T19:36:03.051977" elapsed="0.006810"/>
</kw>
<kw name="Set Selenium Implicit Wait" owner="SeleniumLibrary">
<arg>${IMPLICIT_WAIT}</arg>
<doc>Sets the implicit wait value used by Selenium.</doc>
<status status="PASS" start="2026-01-04T19:36:03.058787" elapsed="0.004417"/>
</kw>
<kw name="Fluent Wait For Element" owner="Keywords">
<kw name="Wait Until Keyword Succeeds" owner="BuiltIn">
<kw name="Wait Until Element Is Visible" owner="SeleniumLibrary">
<arg>${locator}</arg>
<arg>timeout=1s</arg>
<doc>Waits until the element ``locator`` is visible.</doc>
<status status="PASS" start="2026-01-04T19:36:03.068571" elapsed="0.106858"/>
</kw>
<arg>${timeout}</arg>
<arg>${retry_interval}</arg>
<arg>Wait Until Element Is Visible</arg>
<arg>${locator}</arg>
<arg>timeout=1s</arg>
<doc>Runs the specified keyword and retries if it fails.</doc>
<status status="PASS" start="2026-01-04T19:36:03.067067" elapsed="0.108924"/>
</kw>
<kw name="Log" owner="BuiltIn">
<msg time="2026-01-04T19:36:03.177590" level="INFO">Element found: id=username</msg>
<arg>Element found: ${locator}</arg>
<arg>level=INFO</arg>
<doc>Logs the given message with the given level.</doc>
<status status="PASS" start="2026-01-04T19:36:03.175991" elapsed="0.001599"/>
</kw>
<arg>${LOGIN_USERNAME_INPUT}</arg>
<doc>Waits for element with retry mechanism (Fluent Wait pattern).
Retries every 500ms until 10s timeout.
Never fails immediately - keeps trying.</doc>
<status status="PASS" start="2026-01-04T19:36:03.065358" elapsed="0.112232"/>
</kw>
<kw name="Log To Console" owner="BuiltIn">
<arg>✅ Browser launched successfully.</arg>
<doc>Logs the given message to the console.</doc>
<status status="PASS" start="2026-01-04T19:36:03.177590" elapsed="0.003586"/>
</kw>
<doc>Opens browser and navigates to application URL.
Consolidates browser options for headless and incognito.</doc>
<status status="PASS" start="2026-01-04T19:35:57.973342" elapsed="5.207834"/>
</kw>
<kw name="Log Test Step" owner="Keywords">
<kw name="Log" owner="BuiltIn">
<msg time="2026-01-04T19:36:03.184098" level="INFO">════════════════════════════════════════</msg>
<arg>════════════════════════════════════════</arg>
<arg>level=INFO</arg>
<doc>Logs the given message with the given level.</doc>
<status status="PASS" start="2026-01-04T19:36:03.184098" elapsed="0.000000"/>
</kw>
<kw name="Log" owner="BuiltIn">
<msg time="2026-01-04T19:36:03.187839" level="INFO">STEP 3: Entering User Credentials</msg>
<arg>STEP ${step}: ${description}</arg>
<arg>level=INFO</arg>
<doc>Logs the given message with the given level.</doc>
<status status="PASS" start="2026-01-04T19:36:03.185981" elapsed="0.001858"/>
</kw>
<kw name="Log" owner="BuiltIn">
<msg time="2026-01-04T19:36:03.187839" level="INFO">════════════════════════════════════════</msg>
<arg>════════════════════════════════════════</arg>
<arg>level=INFO</arg>
<doc>Logs the given message with the given level.</doc>
<status status="PASS" start="2026-01-04T19:36:03.187839" elapsed="0.000000"/>
</kw>
<kw name="Log To Console" owner="BuiltIn">
<arg>\n📍 STEP ${step}: ${description}</arg>
<doc>Logs the given message to the console.</doc>
<status status="PASS" start="2026-01-04T19:36:03.187839" elapsed="0.000000"/>
</kw>
<arg>3</arg>
<arg>Entering User Credentials</arg>
<doc>Logs a major test step to both log file and console.</doc>
<status status="PASS" start="2026-01-04T19:36:03.181176" elapsed="0.006663"/>
</kw>
<kw name="Enter User Credentials" owner="Keywords">
<kw name="Log To Console" owner="BuiltIn">
<arg>👤 Entering credentials for: ${TEST_DATA}[username]</arg>
<doc>Logs the given message to the console.</doc>
<status status="PASS" start="2026-01-04T19:36:03.194961" elapsed="0.001063"/>
</kw>
<kw name="Fluent Wait For Element" owner="Keywords">
<kw name="Wait Until Keyword Succeeds" owner="BuiltIn">
<kw name="Wait Until Element Is Visible" owner="SeleniumLibrary">
<arg>${locator}</arg>
<arg>timeout=1s</arg>
<doc>Waits until the element ``locator`` is visible.</doc>
<status status="PASS" start="2026-01-04T19:36:03.199904" elapsed="0.051836"/>
</kw>
<arg>${timeout}</arg>
<arg>${retry_interval}</arg>
<arg>Wait Until Element Is Visible</arg>
<arg>${locator}</arg>
<arg>timeout=1s</arg>
<doc>Runs the specified keyword and retries if it fails.</doc>
<status status="PASS" start="2026-01-04T19:36:03.198242" elapsed="0.053498"/>
</kw>
<kw name="Log" owner="BuiltIn">
<msg time="2026-01-04T19:36:03.254607" level="INFO">Element found: id=username</msg>
<arg>Element found: ${locator}</arg>
<arg>level=INFO</arg>
<doc>Logs the given message with the given level.</doc>
<status status="PASS" start="2026-01-04T19:36:03.251740" elapsed="0.002867"/>
</kw>
<arg>${LOGIN_USERNAME_INPUT}</arg>
<doc>Waits for element with retry mechanism (Fluent Wait pattern).
Retries every 500ms until 10s timeout.
Never fails immediately - keeps trying.</doc>
<status status="PASS" start="2026-01-04T19:36:03.196024" elapsed="0.058583"/>
</kw>
<kw name="JS Clear And Input" owner="Keywords">
<kw name="Get WebElement" owner="SeleniumLibrary">
<msg time="2026-01-04T19:36:03.284690" level="INFO">${element} = &lt;selenium.webdriver.remote.webelement.WebElement (session="28c1db4eef1b33f6032233790e32d41d", element="f.1F42F30DA955D1FA39F64C5FFE7D8795.d.07D5FC9BD8EF79B965C91C32F59FBDF2.e.3")&gt;</msg>
<var>${element}</var>
<arg>${locator}</arg>
<doc>Returns the first WebElement matching the given ``locator``.</doc>
<status status="PASS" start="2026-01-04T19:36:03.256323" elapsed="0.029998"/>
</kw>
<kw name="Execute Javascript" owner="SeleniumLibrary">
<msg time="2026-01-04T19:36:03.287904" level="INFO">Executing JavaScript:
arguments[0].value='';
By using argument:
'&lt;selenium.webdriver.remote.webelement.WebElement (session="28c1db4eef1b33f6032233790e32d41d", element="f.1F42F30DA955D1FA39F64C5FFE7D8795.d.07D5FC9BD8EF79B965C91C32F59FBDF2.e.3")&gt;'</msg>
<arg>arguments[0].value='';</arg>
<arg>ARGUMENTS</arg>
<arg>${element}</arg>
<doc>Executes the given JavaScript code with possible arguments.</doc>
<status status="PASS" start="2026-01-04T19:36:03.286934" elapsed="0.026142"/>
</kw>
<kw name="Execute Javascript" owner="SeleniumLibrary">
<msg time="2026-01-04T19:36:03.315970" level="INFO">Executing JavaScript:
arguments[0].value='tomsmith';
By using argument:
'&lt;selenium.webdriver.remote.webelement.WebElement (session="28c1db4eef1b33f6032233790e32d41d", element="f.1F42F30DA955D1FA39F64C5FFE7D8795.d.07D5FC9BD8EF79B965C91C32F59FBDF2.e.3")&gt;'</msg>
<arg>arguments[0].value='${text}';</arg>
<arg>ARGUMENTS</arg>
<arg>${element}</arg>
<doc>Executes the given JavaScript code with possible arguments.</doc>
<status status="PASS" start="2026-01-04T19:36:03.313808" elapsed="0.027522"/>
</kw>
<kw name="Execute Javascript" owner="SeleniumLibrary">
<msg time="2026-01-04T19:36:03.345036" level="INFO">Executing JavaScript:
arguments[0].dispatchEvent(new Event('input', {bubbles: true}));
By using argument:
'&lt;selenium.webdriver.remote.webelement.WebElement (session="28c1db4eef1b33f6032233790e32d41d", element="f.1F42F30DA955D1FA39F64C5FFE7D8795.d.07D5FC9BD8EF79B965C91C32F59FBDF2.e.3")&gt;'</msg>
<arg>arguments[0].dispatchEvent(new Event('input', {bubbles: true}));</arg>
<arg>ARGUMENTS</arg>
<arg>${element}</arg>
<doc>Executes the given JavaScript code with possible arguments.</doc>
<status status="PASS" start="2026-01-04T19:36:03.341330" elapsed="0.033104"/>
</kw>
<kw name="Log" owner="BuiltIn">
<msg time="2026-01-04T19:36:03.377738" level="INFO">JS clear+input: tomsmith</msg>
<arg>JS clear+input: ${text}</arg>
<arg>level=INFO</arg>
<doc>Logs the given message with the given level.</doc>
<status status="PASS" start="2026-01-04T19:36:03.376016" elapsed="0.001722"/>
</kw>
<arg>${LOGIN_USERNAME_INPUT}</arg>
<arg>${TEST_DATA}[username]</arg>
<doc>Clears and inputs text using JavaScript.</doc>
<status status="PASS" start="2026-01-04T19:36:03.256323" elapsed="0.121851"/>
</kw>
<kw name="JS Clear And Input" owner="Keywords">
<kw name="Get WebElement" owner="SeleniumLibrary">
<msg time="2026-01-04T19:36:03.428004" level="INFO">${element} = &lt;selenium.webdriver.remote.webelement.WebElement (session="28c1db4eef1b33f6032233790e32d41d", element="f.1F42F30DA955D1FA39F64C5FFE7D8795.d.07D5FC9BD8EF79B965C91C32F59FBDF2.e.4")&gt;</msg>
<var>${element}</var>
<arg>${locator}</arg>
<doc>Returns the first WebElement matching the given ``locator``.</doc>
<status status="PASS" start="2026-01-04T19:36:03.380398" elapsed="0.047606"/>
</kw>
<kw name="Execute Javascript" owner="SeleniumLibrary">
<msg time="2026-01-04T19:36:03.430211" level="INFO">Executing JavaScript:
arguments[0].value='';
By using argument:
'&lt;selenium.webdriver.remote.webelement.WebElement (session="28c1db4eef1b33f6032233790e32d41d", element="f.1F42F30DA955D1FA39F64C5FFE7D8795.d.07D5FC9BD8EF79B965C91C32F59FBDF2.e.4")&gt;'</msg>
<arg>arguments[0].value='';</arg>
<arg>ARGUMENTS</arg>
<arg>${element}</arg>
<doc>Executes the given JavaScript code with possible arguments.</doc>
<status status="PASS" start="2026-01-04T19:36:03.428004" elapsed="0.023520"/>
</kw>
<kw name="Execute Javascript" owner="SeleniumLibrary">
<msg time="2026-01-04T19:36:03.454381" level="INFO">Executing JavaScript:
arguments[0].value='SuperSecretPassword!';
By using argument:
'&lt;selenium.webdriver.remote.webelement.WebElement (session="28c1db4eef1b33f6032233790e32d41d", element="f.1F42F30DA955D1FA39F64C5FFE7D8795.d.07D5FC9BD8EF79B965C91C32F59FBDF2.e.4")&gt;'</msg>
<arg>arguments[0].value='${text}';</arg>
<arg>ARGUMENTS</arg>
<arg>${element}</arg>
<doc>Executes the given JavaScript code with possible arguments.</doc>
<status status="PASS" start="2026-01-04T19:36:03.453340" elapsed="0.024969"/>
</kw>
<kw name="Execute Javascript" owner="SeleniumLibrary">
<msg time="2026-01-04T19:36:03.480866" level="INFO">Executing JavaScript:
arguments[0].dispatchEvent(new Event('input', {bubbles: true}));
By using argument:
'&lt;selenium.webdriver.remote.webelement.WebElement (session="28c1db4eef1b33f6032233790e32d41d", element="f.1F42F30DA955D1FA39F64C5FFE7D8795.d.07D5FC9BD8EF79B965C91C32F59FBDF2.e.4")&gt;'</msg>
<arg>arguments[0].dispatchEvent(new Event('input', {bubbles: true}));</arg>
<arg>ARGUMENTS</arg>
<arg>${element}</arg>
<doc>Executes the given JavaScript code with possible arguments.</doc>
<status status="PASS" start="2026-01-04T19:36:03.479586" elapsed="0.039580"/>
</kw>
<kw name="Log" owner="BuiltIn">
<msg time="2026-01-04T19:36:03.522137" level="INFO">JS clear+input: SuperSecretPassword!</msg>
<arg>JS clear+input: ${text}</arg>
<arg>level=INFO</arg>
<doc>Logs the given message with the given level.</doc>
<status status="PASS" start="2026-01-04T19:36:03.520935" elapsed="0.001202"/>
</kw>
<arg>${LOGIN_PASSWORD_INPUT}</arg>
<arg>${TEST_DATA}[password]</arg>
<doc>Clears and inputs text using JavaScript.</doc>
<status status="PASS" start="2026-01-04T19:36:03.378174" elapsed="0.143963"/>
</kw>
<doc>Enters username and password from loaded test data.</doc>
<status status="PASS" start="2026-01-04T19:36:03.187839" elapsed="0.334298"/>
</kw>
<kw name="Log Test Step" owner="Keywords">
<kw name="Log" owner="BuiltIn">
<msg time="2026-01-04T19:36:03.528005" level="INFO">════════════════════════════════════════</msg>
<arg>════════════════════════════════════════</arg>
<arg>level=INFO</arg>
<doc>Logs the given message with the given level.</doc>
<status status="PASS" start="2026-01-04T19:36:03.526376" elapsed="0.001629"/>
</kw>
<kw name="Log" owner="BuiltIn">
<msg time="2026-01-04T19:36:03.530098" level="INFO">STEP 4: Clicking Login Button</msg>
<arg>STEP ${step}: ${description}</arg>
<arg>level=INFO</arg>
<doc>Logs the given message with the given level.</doc>
<status status="PASS" start="2026-01-04T19:36:03.528653" elapsed="0.002038"/>
</kw>
<kw name="Log" owner="BuiltIn">
<msg time="2026-01-04T19:36:03.531271" level="INFO">════════════════════════════════════════</msg>
<arg>════════════════════════════════════════</arg>
<arg>level=INFO</arg>
<doc>Logs the given message with the given level.</doc>
<status status="PASS" start="2026-01-04T19:36:03.531271" elapsed="0.000000"/>
</kw>
<kw name="Log To Console" owner="BuiltIn">
<arg>\n📍 STEP ${step}: ${description}</arg>
<doc>Logs the given message to the console.</doc>
<status status="PASS" start="2026-01-04T19:36:03.531271" elapsed="0.002775"/>
</kw>
<arg>4</arg>
<arg>Clicking Login Button</arg>
<doc>Logs a major test step to both log file and console.</doc>
<status status="PASS" start="2026-01-04T19:36:03.524850" elapsed="0.009818"/>
</kw>
<kw name="Click Login Button" owner="Keywords">
<kw name="Log To Console" owner="BuiltIn">
<arg>🖱️ Clicking login button...</arg>
<doc>Logs the given message to the console.</doc>
<status status="PASS" start="2026-01-04T19:36:03.536576" elapsed="0.000746"/>
</kw>
<kw name="Fluent Click Element" owner="Keywords">
<kw name="Wait Until Keyword Succeeds" owner="BuiltIn">
<kw name="Click Element Safely" owner="Keywords">
<kw name="Wait Until Element Is Visible" owner="SeleniumLibrary">
<arg>${locator}</arg>
<arg>timeout=2s</arg>
<doc>Waits until the element ``locator`` is visible.</doc>
<status status="PASS" start="2026-01-04T19:36:03.542665" elapsed="0.065924"/>
</kw>
<kw name="Wait Until Element Is Enabled" owner="SeleniumLibrary">
<arg>${locator}</arg>
<arg>timeout=2s</arg>
<doc>Waits until the element ``locator`` is enabled.</doc>
<status status="PASS" start="2026-01-04T19:36:03.609981" elapsed="0.092743"/>
</kw>
<kw name="Click Element" owner="SeleniumLibrary">
<msg time="2026-01-04T19:36:03.704113" level="INFO">Clicking element 'css=button[type='submit']'.</msg>
<arg>${locator}</arg>
<doc>Click the element identified by ``locator``.</doc>
<status status="PASS" start="2026-01-04T19:36:03.702724" elapsed="0.843467"/>
</kw>
<arg>${locator}</arg>
<doc>Helper for Fluent Click - clicks if visible and enabled.</doc>
<status status="PASS" start="2026-01-04T19:36:03.541912" elapsed="1.004279"/>
</kw>
<arg>${timeout}</arg>
<arg>${retry_interval}</arg>
<arg>Click Element Safely</arg>
<arg>${locator}</arg>
<doc>Runs the specified keyword and retries if it fails.</doc>
<status status="PASS" start="2026-01-04T19:36:03.539588" elapsed="1.006603"/>
</kw>
<kw name="Log" owner="BuiltIn">
<msg time="2026-01-04T19:36:04.549130" level="INFO">Clicked: css=button[type='submit']</msg>
<arg>Clicked: ${locator}</arg>
<arg>level=INFO</arg>
<doc>Logs the given message with the given level.</doc>
<status status="PASS" start="2026-01-04T19:36:04.546191" elapsed="0.002939"/>
</kw>
<arg>${LOGIN_SUBMIT_BUTTON}</arg>
<doc>Clicks element with retry until successful.</doc>
<status status="PASS" start="2026-01-04T19:36:03.537921" elapsed="1.011209"/>
</kw>
<kw name="Sleep" owner="BuiltIn">
<msg time="2026-01-04T19:36:05.051962" level="INFO">Slept 500 milliseconds.</msg>
<arg>${DELAY}</arg>
<doc>Pauses the test executed for the given time.</doc>
<status status="PASS" start="2026-01-04T19:36:04.549130" elapsed="0.502832"/>
</kw>
<doc>Clicks the login submit button.</doc>
<status status="PASS" start="2026-01-04T19:36:03.535306" elapsed="1.517194"/>
</kw>
<kw name="Log Test Step" owner="Keywords">
<kw name="Log" owner="BuiltIn">
<msg time="2026-01-04T19:36:05.054335" level="INFO">════════════════════════════════════════</msg>
<arg>════════════════════════════════════════</arg>
<arg>level=INFO</arg>
<doc>Logs the given message with the given level.</doc>
<status status="PASS" start="2026-01-04T19:36:05.054335" elapsed="0.000000"/>
</kw>
<kw name="Log" owner="BuiltIn">
<msg time="2026-01-04T19:36:05.055930" level="INFO">STEP 5: Validating Login Success</msg>
<arg>STEP ${step}: ${description}</arg>
<arg>level=INFO</arg>
<doc>Logs the given message with the given level.</doc>
<status status="PASS" start="2026-01-04T19:36:05.054335" elapsed="0.001595"/>
</kw>
<kw name="Log" owner="BuiltIn">
<msg time="2026-01-04T19:36:05.055930" level="INFO">════════════════════════════════════════</msg>
<arg>════════════════════════════════════════</arg>
<arg>level=INFO</arg>
<doc>Logs the given message with the given level.</doc>
<status status="PASS" start="2026-01-04T19:36:05.055930" elapsed="0.000000"/>
</kw>
<kw name="Log To Console" owner="BuiltIn">
<arg>\n📍 STEP ${step}: ${description}</arg>
<doc>Logs the given message to the console.</doc>
<status status="PASS" start="2026-01-04T19:36:05.055930" elapsed="0.003144"/>
</kw>
<arg>5</arg>
<arg>Validating Login Success</arg>
<doc>Logs a major test step to both log file and console.</doc>
<status status="PASS" start="2026-01-04T19:36:05.053239" elapsed="0.005835"/>
</kw>
<kw name="Validate Login Success" owner="Keywords">
<kw name="Log To Console" owner="BuiltIn">
<arg>🏆 Validating login success...</arg>
<doc>Logs the given message to the console.</doc>
<status status="PASS" start="2026-01-04T19:36:05.060690" elapsed="0.001276"/>
</kw>
<kw name="Fluent Wait For Element" owner="Keywords">
<kw name="Wait Until Keyword Succeeds" owner="BuiltIn">
<kw name="Wait Until Element Is Visible" owner="SeleniumLibrary">
<arg>${locator}</arg>
<arg>timeout=1s</arg>
<doc>Waits until the element ``locator`` is visible.</doc>
<status status="PASS" start="2026-01-04T19:36:05.065374" elapsed="0.079402"/>
</kw>
<arg>${timeout}</arg>
<arg>${retry_interval}</arg>
<arg>Wait Until Element Is Visible</arg>
<arg>${locator}</arg>
<arg>timeout=1s</arg>
<doc>Runs the specified keyword and retries if it fails.</doc>
<status status="PASS" start="2026-01-04T19:36:05.063694" elapsed="0.081082"/>
</kw>
<kw name="Log" owner="BuiltIn">
<msg time="2026-01-04T19:36:05.146401" level="INFO">Element found: css=h2</msg>
<arg>Element found: ${locator}</arg>
<arg>level=INFO</arg>
<doc>Logs the given message with the given level.</doc>
<status status="PASS" start="2026-01-04T19:36:05.144776" elapsed="0.001625"/>
</kw>
<arg>${SECURE_AREA_HEADER}</arg>
<doc>Waits for element with retry mechanism (Fluent Wait pattern).
Retries every 500ms until 10s timeout.
Never fails immediately - keeps trying.</doc>
<status status="PASS" start="2026-01-04T19:36:05.061966" elapsed="0.084435"/>
</kw>
<kw name="Page Should Contain" owner="SeleniumLibrary">
<msg time="2026-01-04T19:36:05.204649" level="INFO">Current page contains text 'Secure Area'.</msg>
<arg>Secure Area</arg>
<doc>Verifies that current page contains ``text``.</doc>
<status status="PASS" start="2026-01-04T19:36:05.146401" elapsed="0.058248"/>
</kw>
<kw name="Log To Console" owner="BuiltIn">
<arg>✅ Login validated!</arg>
<doc>Logs the given message to the console.</doc>
<status status="PASS" start="2026-01-04T19:36:05.206255" elapsed="0.000000"/>
</kw>
<doc>Validates successful login.</doc>
<status status="PASS" start="2026-01-04T19:36:05.060114" elapsed="0.146141"/>
</kw>
<kw name="Log Test Step" owner="Keywords">
<kw name="Log" owner="BuiltIn">
<msg time="2026-01-04T19:36:05.212685" level="INFO">════════════════════════════════════════</msg>
<arg>════════════════════════════════════════</arg>
<arg>level=INFO</arg>
<doc>Logs the given message with the given level.</doc>
<status status="PASS" start="2026-01-04T19:36:05.210740" elapsed="0.001945"/>
</kw>
<kw name="Log" owner="BuiltIn">
<msg time="2026-01-04T19:36:05.216335" level="INFO">STEP 6: Updating Runtime Data in Excel</msg>
<arg>STEP ${step}: ${description}</arg>
<arg>level=INFO</arg>
<doc>Logs the given message with the given level.</doc>
<status status="PASS" start="2026-01-04T19:36:05.213889" elapsed="0.002446"/>
</kw>
<kw name="Log" owner="BuiltIn">
<msg time="2026-01-04T19:36:05.219341" level="INFO">════════════════════════════════════════</msg>
<arg>════════════════════════════════════════</arg>
<arg>level=INFO</arg>
<doc>Logs the given message with the given level.</doc>
<status status="PASS" start="2026-01-04T19:36:05.217507" elapsed="0.002595"/>
</kw>
<kw name="Log To Console" owner="BuiltIn">
<arg>\n📍 STEP ${step}: ${description}</arg>
<doc>Logs the given message to the console.</doc>
<status status="PASS" start="2026-01-04T19:36:05.221223" elapsed="0.000687"/>
</kw>
<arg>6</arg>
<arg>Updating Runtime Data in Excel</arg>
<doc>Logs a major test step to both log file and console.</doc>
<status status="PASS" start="2026-01-04T19:36:05.208702" elapsed="0.015181"/>
</kw>
<kw name="Update Execution Timestamp" owner="Keywords">
<kw name="Evaluate" owner="BuiltIn">
<msg time="2026-01-04T19:36:05.229651" level="INFO">${ts} = 2026-01-04 19:36:05</msg>
<var>${ts}</var>
<arg>__import__('datetime').datetime.now().strftime('%Y-%m-%d %H:%M:%S')</arg>
<doc>Evaluates the given expression in Python and returns the result.</doc>
<status status="PASS" start="2026-01-04T19:36:05.227026" elapsed="0.002625"/>
</kw>
<kw name="Write Data To Excel" owner="DataManager">
<kw name="Log" owner="BuiltIn">
<msg time="2026-01-04T19:36:05.249958" level="INFO">Writing '2026-01-04 19:36:05' for TC_01 to column 8</msg>
<arg>Writing '${value}' for ${TestID} to column ${column}</arg>
<arg>level=INFO</arg>
<doc>Logs the given message with the given level.</doc>
<status status="PASS" start="2026-01-04T19:36:05.247400" elapsed="0.002558"/>
</kw>
<kw name="Open Excel Document" owner="ExcelLibrary">
<arg>${DATA_FILE_PATH}</arg>
<arg>doc_id=writeruntime</arg>
<doc>Opens xlsx document file.</doc>
<status status="PASS" start="2026-01-04T19:36:05.251041" elapsed="0.018779"/>
</kw>
<for flavor="IN RANGE">
<iter>
<kw name="Read Excel Row" owner="ExcelLibrary">
<msg time="2026-01-04T19:36:05.270570" level="INFO">${row_data} = ['TC_01']</msg>
<var>${row_data}</var>
<arg>row_num=${row}</arg>
<arg>max_num=1</arg>
<arg>sheet_name=${DATA_SHEET_NAME}</arg>
<doc>Returns content of a row from the current sheet of the document.</doc>
<status status="PASS" start="2026-01-04T19:36:05.270570" elapsed="0.000000"/>
</kw>
<kw name="Set Variable" owner="BuiltIn">
<msg time="2026-01-04T19:36:05.272754" level="INFO">${first_cell} = TC_01</msg>
<var>${first_cell}</var>
<arg>${row_data}[0]</arg>
<doc>Returns the given values which can then be assigned to a variables.</doc>
<status status="PASS" start="2026-01-04T19:36:05.272754" elapsed="0.000000"/>
</kw>
<if>
<branch type="IF" condition="'${first_cell}' == '${EMPTY}' or '${first_cell}' == 'None'">
<kw name="Fail" owner="BuiltIn">
<arg>TestID '${TestID}' not found in Excel</arg>
<doc>Fails the test with the given message and optionally alters its tags.</doc>
<status status="NOT RUN" start="2026-01-04T19:36:05.276099" elapsed="0.000000"/>
</kw>
<break>
<status status="NOT RUN" start="2026-01-04T19:36:05.276099" elapsed="0.000000"/>
</break>
<status status="NOT RUN" start="2026-01-04T19:36:05.272754" elapsed="0.003345"/>
</branch>
<status status="PASS" start="2026-01-04T19:36:05.272754" elapsed="0.004288"/>
</if>
<if>
<branch type="IF" condition="'${first_cell}' == '${TestID}'">
<kw name="Write Excel Cell" owner="ExcelLibrary">
<arg>row_num=${row}</arg>
<arg>col_num=${column}</arg>
<arg>value=${value}</arg>
<arg>sheet_name=${DATA_SHEET_NAME}</arg>
<doc>Writes value to the cell.</doc>
<status status="PASS" start="2026-01-04T19:36:05.277885" elapsed="0.000747"/>
</kw>
<kw name="Save Excel Document" owner="ExcelLibrary">
<arg>${DATA_FILE_PATH}</arg>
<doc>Saves the current document to disk.</doc>
<status status="PASS" start="2026-01-04T19:36:05.279223" elapsed="0.066749"/>
</kw>
<kw name="Log" owner="BuiltIn">
<msg time="2026-01-04T19:36:05.348395" level="INFO">Successfully wrote '2026-01-04 19:36:05' to row 2, column 8</msg>
<arg>Successfully wrote '${value}' to row ${row}, column ${column}</arg>
<arg>level=INFO</arg>
<doc>Logs the given message with the given level.</doc>
<status status="PASS" start="2026-01-04T19:36:05.345972" elapsed="0.002423"/>
</kw>
<break>
<status status="PASS" start="2026-01-04T19:36:05.348395" elapsed="0.001115"/>
</break>
<status status="PASS" start="2026-01-04T19:36:05.277042" elapsed="0.072468"/>
</branch>
<status status="PASS" start="2026-01-04T19:36:05.277042" elapsed="0.072468"/>
</if>
<var name="${row}">2</var>
<status status="PASS" start="2026-01-04T19:36:05.270570" elapsed="0.079440"/>
</iter>
<var>${row}</var>
<value>2</value>
<value>100</value>
<status status="PASS" start="2026-01-04T19:36:05.269820" elapsed="0.080190"/>
</for>
<kw name="Close Current Excel Document" owner="ExcelLibrary">
<doc>Closes current document.</doc>
<status status="PASS" start="2026-01-04T19:36:05.350010" elapsed="0.001083"/>
</kw>
<arg>${TestID}</arg>
<arg>8</arg>
<arg>${ts}</arg>
<doc>Writes any data to Excel during test execution.
Use this to save auto-generated values, timestamps, etc.</doc>
<status status="PASS" start="2026-01-04T19:36:05.247400" elapsed="0.103693"/>
</kw>
<kw name="Log" owner="BuiltIn">
<msg time="2026-01-04T19:36:05.352960" level="INFO">Updated runtime timestamp for TC_01: 2026-01-04 19:36:05</msg>
<arg>Updated runtime timestamp for ${TestID}: ${ts}</arg>
<arg>level=INFO</arg>
<doc>Logs the given message with the given level.</doc>
<status status="PASS" start="2026-01-04T19:36:05.351581" elapsed="0.001379"/>
</kw>
<arg>TC_01</arg>
<doc>Demonstrates writing runtime data (e.g., current timestamp) to Excel.
Writes to column 8 (Execution_Time).</doc>
<status status="PASS" start="2026-01-04T19:36:05.224982" elapsed="0.127978"/>
</kw>
<kw name="Capture Screenshot Evidence" owner="Keywords">
<kw name="Evaluate" owner="BuiltIn">
<msg time="2026-01-04T19:36:05.355958" level="INFO">${ts} = 20260104_193605</msg>
<var>${ts}</var>
<arg>__import__('datetime').datetime.now().strftime('%Y%m%d_%H%M%S')</arg>
<doc>Evaluates the given expression in Python and returns the result.</doc>
<status status="PASS" start="2026-01-04T19:36:05.354829" elapsed="0.001129"/>
</kw>
<kw name="Capture Page Screenshot" owner="SeleniumLibrary">
<msg time="2026-01-04T19:36:05.546286" level="INFO" html="true">&lt;/td&gt;&lt;/tr&gt;&lt;tr&gt;&lt;td colspan="3"&gt;&lt;a href="evidence_20260104_193605.png"&gt;&lt;img src="evidence_20260104_193605.png" width="800px"&gt;&lt;/a&gt;</msg>
<arg>evidence_${ts}.png</arg>
<doc>Takes a screenshot of the current page and embeds it into a log file.</doc>
<status status="PASS" start="2026-01-04T19:36:05.355958" elapsed="0.190328"/>
</kw>
<doc>Captures screenshot as test evidence.</doc>
<status status="PASS" start="2026-01-04T19:36:05.352960" elapsed="0.194092"/>
</kw>
<kw name="Run Keywords" owner="BuiltIn" type="TEARDOWN">
<kw name="Write Test Result">
<kw name="Evaluate" owner="BuiltIn">
<msg time="2026-01-04T19:36:05.553320" level="INFO">${test_id} = TC_01</msg>
<var>${test_id}</var>
<arg>"${test_name}".split()[0]</arg>
<doc>Evaluates the given expression in Python and returns the result.</doc>
<status status="PASS" start="2026-01-04T19:36:05.551817" elapsed="0.001503"/>
</kw>
<try>
<branch type="TRY">
<kw name="Write Result To Excel" owner="DataManager">
<kw name="Log" owner="BuiltIn">
<msg time="2026-01-04T19:36:05.558394" level="INFO">Writing result for TC_01: PASS</msg>
<arg>Writing result for ${TestID}: ${result}</arg>
<arg>level=INFO</arg>
<doc>Logs the given message with the given level.</doc>
<status status="PASS" start="2026-01-04T19:36:05.556493" elapsed="0.001901"/>
</kw>
<kw name="Open Excel Document" owner="ExcelLibrary">
<arg>${DATA_FILE_PATH}</arg>
<arg>doc_id=writedata</arg>
<doc>Opens xlsx document file.</doc>
<status status="PASS" start="2026-01-04T19:36:05.558974" elapsed="0.047152"/>
</kw>
<for flavor="IN RANGE">
<iter>
<kw name="Read Excel Row" owner="ExcelLibrary">
<msg time="2026-01-04T19:36:05.606126" level="INFO">${row_data} = ['TC_01']</msg>
<var>${row_data}</var>
<arg>row_num=${row}</arg>
<arg>max_num=1</arg>
<arg>sheet_name=${DATA_SHEET_NAME}</arg>
<doc>Returns content of a row from the current sheet of the document.</doc>
<status status="PASS" start="2026-01-04T19:36:05.606126" elapsed="0.000000"/>
</kw>
<kw name="Set Variable" owner="BuiltIn">
<msg time="2026-01-04T19:36:05.609243" level="INFO">${first_cell} = TC_01</msg>
<var>${first_cell}</var>
<arg>${row_data}[0]</arg>
<doc>Returns the given values which can then be assigned to a variables.</doc>
<status status="PASS" start="2026-01-04T19:36:05.606126" elapsed="0.003117"/>
</kw>
<if>
<branch type="IF" condition="'${first_cell}' == '${EMPTY}' or '${first_cell}' == 'None'">
<break>
<status status="NOT RUN" start="2026-01-04T19:36:05.611340" elapsed="0.000000"/>
</break>
<status status="NOT RUN" start="2026-01-04T19:36:05.609243" elapsed="0.002097"/>
</branch>
<status status="PASS" start="2026-01-04T19:36:05.609243" elapsed="0.002097"/>
</if>
<if>
<branch type="IF" condition="'${first_cell}' == '${TestID}'">
<kw name="Write Excel Cell" owner="ExcelLibrary">
<arg>row_num=${row}</arg>
<arg>col_num=${result_column}</arg>
<arg>value=${result}</arg>
<arg>sheet_name=${DATA_SHEET_NAME}</arg>
<doc>Writes value to the cell.</doc>
<status status="PASS" start="2026-01-04T19:36:05.611340" elapsed="0.002213"/>
</kw>
<kw name="Save Excel Document" owner="ExcelLibrary">
<arg>${DATA_FILE_PATH}</arg>
<doc>Saves the current document to disk.</doc>
<status status="PASS" start="2026-01-04T19:36:05.613553" elapsed="0.020807"/>
</kw>
<kw name="Log" owner="BuiltIn">
<msg time="2026-01-04T19:36:05.636650" level="INFO">Wrote 'PASS' to row 2, column 7</msg>
<arg>Wrote '${result}' to row ${row}, column ${result_column}</arg>
<arg>level=INFO</arg>
<doc>Logs the given message with the given level.</doc>
<status status="PASS" start="2026-01-04T19:36:05.635128" elapsed="0.001845"/>
</kw>
<break>
<status status="PASS" start="2026-01-04T19:36:05.636973" elapsed="0.000531"/>
</break>
<status status="PASS" start="2026-01-04T19:36:05.611340" elapsed="0.026164"/>
</branch>
<status status="PASS" start="2026-01-04T19:36:05.611340" elapsed="0.026164"/>
</if>
<var name="${row}">2</var>
<status status="PASS" start="2026-01-04T19:36:05.606126" elapsed="0.031378"/>
</iter>
<var>${row}</var>
<value>2</value>
<value>100</value>
<status status="PASS" start="2026-01-04T19:36:05.606126" elapsed="0.031378"/>
</for>
<kw name="Close Current Excel Document" owner="ExcelLibrary">
<doc>Closes current document.</doc>
<status status="PASS" start="2026-01-04T19:36:05.637504" elapsed="0.000000"/>
</kw>
<arg>${test_id}</arg>
<arg>${status}</arg>
<doc>Writes test result back to Excel file.</doc>
<status status="PASS" start="2026-01-04T19:36:05.555281" elapsed="0.082223"/>
</kw>
<status status="PASS" start="2026-01-04T19:36:05.554141" elapsed="0.083363"/>
</branch>
<branch type="EXCEPT" assign="${error}">
<kw name="Log" owner="BuiltIn">
<arg>Could not write to Excel: ${error}</arg>
<arg>level=WARN</arg>
<doc>Logs the given message with the given level.</doc>
<status status="NOT RUN" start="2026-01-04T19:36:05.637504" elapsed="0.000000"/>
</kw>
<status status="NOT RUN" start="2026-01-04T19:36:05.637504" elapsed="0.000000"/>
</branch>
<status status="PASS" start="2026-01-04T19:36:05.554141" elapsed="0.083363"/>
</try>
<arg>${TEST_NAME}</arg>
<arg>${TEST_STATUS}</arg>
<doc>Writes result to Excel.</doc>
<status status="PASS" start="2026-01-04T19:36:05.550306" elapsed="0.087198"/>
</kw>
<kw name="Run Keyword If Test Failed" owner="BuiltIn">
<arg>Take Screenshot</arg>
<arg>failed</arg>
<doc>Runs the given keyword with the given arguments, if the test failed.</doc>
<status status="PASS" start="2026-01-04T19:36:05.637504" elapsed="0.000000"/>
</kw>
<kw name="Close Browser Safely" owner="Keywords">
<try>
<branch type="TRY">
<kw name="Close All Browsers" owner="SeleniumLibrary">
<doc>Closes all open browsers and resets the browser cache.</doc>
<status status="PASS" start="2026-01-04T19:36:05.637504" elapsed="2.449412"/>
</kw>
<kw name="Log" owner="BuiltIn">
<msg time="2026-01-04T19:36:08.088019" level="INFO">Browser closed</msg>
<arg>Browser closed</arg>
<arg>level=INFO</arg>
<doc>Logs the given message with the given level.</doc>
<status status="PASS" start="2026-01-04T19:36:08.086916" elapsed="0.001103"/>
</kw>
<status status="PASS" start="2026-01-04T19:36:05.637504" elapsed="2.450515"/>
</branch>
<branch type="EXCEPT" assign="${error}">
<kw name="Log" owner="BuiltIn">
<arg>Warning: ${error}</arg>
<arg>level=WARN</arg>
<doc>Logs the given message with the given level.</doc>
<status status="NOT RUN" start="2026-01-04T19:36:08.088019" elapsed="0.000000"/>
</kw>
<status status="NOT RUN" start="2026-01-04T19:36:08.088019" elapsed="0.000000"/>
</branch>
<status status="PASS" start="2026-01-04T19:36:05.637504" elapsed="2.450515"/>
</try>
<doc>Safely closes all browsers.</doc>
<status status="PASS" start="2026-01-04T19:36:05.637504" elapsed="2.450515"/>
</kw>
<arg>Write Test Result</arg>
<arg>${TEST_NAME}</arg>
<arg>${TEST_STATUS}</arg>
<arg>AND</arg>
<arg>Run Keyword If Test Failed</arg>
<arg>Take Screenshot</arg>
<arg>failed</arg>
<arg>AND</arg>
<arg>Close Browser Safely</arg>
<doc>Executes all the given keywords in a sequence.</doc>
<status status="PASS" start="2026-01-04T19:36:05.547052" elapsed="2.540967"/>
</kw>
<doc>Tests successful login with valid credentials.</doc>
<tag>login</tag>
<tag>positive</tag>
<tag>smoke</tag>
<status status="PASS" start="2026-01-04T19:35:57.826133" elapsed="10.261886"/>
</test>
<kw name="Close Browser Safely" owner="Keywords" type="TEARDOWN">
<try>
<branch type="TRY">
<kw name="Close All Browsers" owner="SeleniumLibrary">
<doc>Closes all open browsers and resets the browser cache.</doc>
<status status="PASS" start="2026-01-04T19:36:08.092976" elapsed="0.000000"/>
</kw>
<kw name="Log" owner="BuiltIn">
<msg time="2026-01-04T19:36:08.094587" level="INFO">Browser closed</msg>
<arg>Browser closed</arg>
<arg>level=INFO</arg>
<doc>Logs the given message with the given level.</doc>
<status status="PASS" start="2026-01-04T19:36:08.092976" elapsed="0.001611"/>
</kw>
<status status="PASS" start="2026-01-04T19:36:08.092976" elapsed="0.002375"/>
</branch>
<branch type="EXCEPT" assign="${error}">
<kw name="Log" owner="BuiltIn">
<arg>Warning: ${error}</arg>
<arg>level=WARN</arg>
<doc>Logs the given message with the given level.</doc>
<status status="NOT RUN" start="2026-01-04T19:36:08.095351" elapsed="0.000000"/>
</kw>
<status status="NOT RUN" start="2026-01-04T19:36:08.095351" elapsed="0.001137"/>
</branch>
<status status="PASS" start="2026-01-04T19:36:08.092976" elapsed="0.003512"/>
</try>
<doc>Safely closes all browsers.</doc>
<status status="PASS" start="2026-01-04T19:36:08.092221" elapsed="0.004267"/>
</kw>
<doc>Login Test Suite - BDD Style
================================
Readable test steps with smart data handling.</doc>
<status status="PASS" start="2026-01-04T19:35:55.559190" elapsed="12.537298"/>
</suite>
<statistics>
<total>
<stat pass="1" fail="0" skip="0">All Tests</stat>
</total>
<tag>
<stat pass="1" fail="0" skip="0">login</stat>
<stat pass="1" fail="0" skip="0">positive</stat>
<stat pass="1" fail="0" skip="0">smoke</stat>
</tag>
<suite>
<stat name="TestSuite" id="s1" pass="1" fail="0" skip="0">TestSuite</stat>
</suite>
</statistics>
<errors>
</errors>
</robot>
